[2025-04-17T14:19:46.011+0000] {manager.py:487} INFO - Processing files using up to 2 processes at a time 
[2025-04-17T14:19:46.011+0000] {manager.py:488} INFO - Process each file at most once every 30 seconds
[2025-04-17T14:19:46.012+0000] {manager.py:490} INFO - Checking for new files in /opt/airflow/dags every 300 seconds
[2025-04-17T14:19:46.012+0000] {manager.py:758} INFO - Searching for files in /opt/airflow/dags
[2025-04-17T14:19:46.013+0000] {manager.py:761} INFO - There are 1 files in /opt/airflow/dags
[2025-04-17T14:19:46.121+0000] {manager.py:889} INFO - 
================================================================================
DAG File Processing Stats

File Path                           PID  Runtime      # DAGs    # Errors  Last Runtime    Last Run
--------------------------------  -----  ---------  --------  ----------  --------------  ----------
/opt/airflow/dags/example_dag.py    162  0.04s             0           0
================================================================================
[2025-04-17T14:20:16.349+0000] {manager.py:889} INFO - 
================================================================================
DAG File Processing Stats

File Path                         PID    Runtime      # DAGs    # Errors  Last Runtime    Last Run
--------------------------------  -----  ---------  --------  ----------  --------------  -------------------
/opt/airflow/dags/example_dag.py                           1           0  0.58s           2025-04-17T14:19:46
================================================================================
[2025-04-17T14:20:47.199+0000] {manager.py:889} INFO - 
================================================================================
DAG File Processing Stats

File Path                           PID  Runtime      # DAGs    # Errors  Last Runtime    Last Run
--------------------------------  -----  ---------  --------  ----------  --------------  -------------------
/opt/airflow/dags/example_dag.py    191  0.00s             1           0  0.15s           2025-04-17T14:20:17
================================================================================
[2025-04-17T14:21:17.549+0000] {manager.py:889} INFO - 
================================================================================
DAG File Processing Stats

File Path                           PID  Runtime      # DAGs    # Errors  Last Runtime    Last Run
--------------------------------  -----  ---------  --------  ----------  --------------  -------------------
/opt/airflow/dags/example_dag.py    205  0.01s             1           0  0.16s           2025-04-17T14:20:47
================================================================================
[2025-04-17T14:21:47.890+0000] {manager.py:889} INFO - 
================================================================================
DAG File Processing Stats

File Path                           PID  Runtime      # DAGs    # Errors  Last Runtime    Last Run
--------------------------------  -----  ---------  --------  ----------  --------------  -------------------
/opt/airflow/dags/example_dag.py    219  0.00s             1           0  0.15s           2025-04-17T14:21:17
================================================================================
[2025-04-17T14:22:18.192+0000] {manager.py:889} INFO - 
================================================================================
DAG File Processing Stats

File Path                           PID  Runtime      # DAGs    # Errors  Last Runtime    Last Run
--------------------------------  -----  ---------  --------  ----------  --------------  -------------------
/opt/airflow/dags/example_dag.py    233  0.00s             1           0  0.15s           2025-04-17T14:21:48
================================================================================
[2025-04-17T14:22:53.717+0000] {manager.py:487} INFO - Processing files using up to 2 processes at a time 
[2025-04-17T14:22:53.718+0000] {manager.py:488} INFO - Process each file at most once every 30 seconds
[2025-04-17T14:22:53.718+0000] {manager.py:490} INFO - Checking for new files in /opt/airflow/dags every 300 seconds
[2025-04-17T14:22:53.718+0000] {manager.py:758} INFO - Searching for files in /opt/airflow/dags
[2025-04-17T14:22:53.720+0000] {manager.py:761} INFO - There are 1 files in /opt/airflow/dags
[2025-04-17T14:22:53.816+0000] {manager.py:889} INFO - 
================================================================================
DAG File Processing Stats

File Path                           PID  Runtime      # DAGs    # Errors  Last Runtime    Last Run
--------------------------------  -----  ---------  --------  ----------  --------------  ----------
/opt/airflow/dags/example_dag.py    162  0.04s             0           0
================================================================================
[2025-04-17T14:23:24.130+0000] {manager.py:889} INFO - 
================================================================================
DAG File Processing Stats

File Path                           PID  Runtime      # DAGs    # Errors  Last Runtime    Last Run
--------------------------------  -----  ---------  --------  ----------  --------------  -------------------
/opt/airflow/dags/example_dag.py    177  0.00s             1           0  0.19s           2025-04-17T14:22:53
================================================================================
[2025-04-17T14:23:54.442+0000] {manager.py:889} INFO - 
================================================================================
DAG File Processing Stats

File Path                           PID  Runtime      # DAGs    # Errors  Last Runtime    Last Run
--------------------------------  -----  ---------  --------  ----------  --------------  -------------------
/opt/airflow/dags/example_dag.py    191  0.00s             1           0  0.16s           2025-04-17T14:23:24
================================================================================
[2025-04-17T14:24:24.780+0000] {manager.py:889} INFO - 
================================================================================
DAG File Processing Stats

File Path                           PID  Runtime      # DAGs    # Errors  Last Runtime    Last Run
--------------------------------  -----  ---------  --------  ----------  --------------  -------------------
/opt/airflow/dags/example_dag.py    205  0.01s             1           0  0.15s           2025-04-17T14:23:54
================================================================================
[2025-04-17T14:24:55.101+0000] {manager.py:889} INFO - 
================================================================================
DAG File Processing Stats

File Path                           PID  Runtime      # DAGs    # Errors  Last Runtime    Last Run
--------------------------------  -----  ---------  --------  ----------  --------------  -------------------
/opt/airflow/dags/example_dag.py    219  0.01s             1           0  0.15s           2025-04-17T14:24:24
================================================================================
[2025-04-17T14:25:25.412+0000] {manager.py:889} INFO - 
================================================================================
DAG File Processing Stats

File Path                           PID  Runtime      # DAGs    # Errors  Last Runtime    Last Run
--------------------------------  -----  ---------  --------  ----------  --------------  -------------------
/opt/airflow/dags/example_dag.py    233  0.01s             1           0  0.17s           2025-04-17T14:24:55
================================================================================
[2025-04-17T14:25:55.746+0000] {manager.py:889} INFO - 
================================================================================
DAG File Processing Stats

File Path                           PID  Runtime      # DAGs    # Errors  Last Runtime    Last Run
--------------------------------  -----  ---------  --------  ----------  --------------  -------------------
/opt/airflow/dags/example_dag.py    247  0.00s             1           0  0.19s           2025-04-17T14:25:25
================================================================================
[2025-04-17T14:26:26.079+0000] {manager.py:889} INFO - 
================================================================================
DAG File Processing Stats

File Path                           PID  Runtime      # DAGs    # Errors  Last Runtime    Last Run
--------------------------------  -----  ---------  --------  ----------  --------------  -------------------
/opt/airflow/dags/example_dag.py    261  0.00s             1           0  0.16s           2025-04-17T14:25:55
================================================================================
[2025-04-17T14:26:56.379+0000] {manager.py:889} INFO - 
================================================================================
DAG File Processing Stats

File Path                           PID  Runtime      # DAGs    # Errors  Last Runtime    Last Run
--------------------------------  -----  ---------  --------  ----------  --------------  -------------------
/opt/airflow/dags/example_dag.py    275  0.00s             1           0  0.28s           2025-04-17T14:26:26
================================================================================
[2025-04-17T14:27:29.976+0000] {manager.py:487} INFO - Processing files using up to 2 processes at a time 
[2025-04-17T14:27:29.976+0000] {manager.py:488} INFO - Process each file at most once every 30 seconds
[2025-04-17T14:27:29.977+0000] {manager.py:490} INFO - Checking for new files in /opt/airflow/dags every 300 seconds
[2025-04-17T14:27:29.977+0000] {manager.py:758} INFO - Searching for files in /opt/airflow/dags
[2025-04-17T14:27:29.979+0000] {manager.py:761} INFO - There are 1 files in /opt/airflow/dags
[2025-04-17T14:27:30.116+0000] {manager.py:889} INFO - 
================================================================================
DAG File Processing Stats

File Path                           PID  Runtime      # DAGs    # Errors  Last Runtime    Last Run
--------------------------------  -----  ---------  --------  ----------  --------------  ----------
/opt/airflow/dags/example_dag.py    162  0.06s             0           0
================================================================================
[2025-04-17T14:28:00.408+0000] {manager.py:889} INFO - 
================================================================================
DAG File Processing Stats

File Path                           PID  Runtime      # DAGs    # Errors  Last Runtime    Last Run
--------------------------------  -----  ---------  --------  ----------  --------------  -------------------
/opt/airflow/dags/example_dag.py    177  0.01s             1           0  0.22s           2025-04-17T14:27:30
================================================================================
[2025-04-17T14:28:38.011+0000] {manager.py:487} INFO - Processing files using up to 2 processes at a time 
[2025-04-17T14:28:38.012+0000] {manager.py:488} INFO - Process each file at most once every 30 seconds
[2025-04-17T14:28:38.012+0000] {manager.py:490} INFO - Checking for new files in /opt/airflow/dags every 300 seconds
[2025-04-17T14:28:38.012+0000] {manager.py:758} INFO - Searching for files in /opt/airflow/dags
[2025-04-17T14:28:38.014+0000] {manager.py:761} INFO - There are 1 files in /opt/airflow/dags
[2025-04-17T14:28:38.138+0000] {manager.py:889} INFO - 
================================================================================
DAG File Processing Stats

File Path                           PID  Runtime      # DAGs    # Errors  Last Runtime    Last Run
--------------------------------  -----  ---------  --------  ----------  --------------  ----------
/opt/airflow/dags/example_dag.py    162  0.05s             0           0
================================================================================
[2025-04-17T14:29:08.411+0000] {manager.py:889} INFO - 
================================================================================
DAG File Processing Stats

File Path                           PID  Runtime      # DAGs    # Errors  Last Runtime    Last Run
--------------------------------  -----  ---------  --------  ----------  --------------  -------------------
/opt/airflow/dags/example_dag.py    177  0.01s             1           0  0.20s           2025-04-17T14:28:38
================================================================================
[2025-04-17T14:29:38.732+0000] {manager.py:889} INFO - 
================================================================================
DAG File Processing Stats

File Path                           PID  Runtime      # DAGs    # Errors  Last Runtime    Last Run
--------------------------------  -----  ---------  --------  ----------  --------------  -------------------
/opt/airflow/dags/example_dag.py    191  0.01s             1           0  0.18s           2025-04-17T14:29:08
================================================================================
[2025-04-17T14:30:09.065+0000] {manager.py:889} INFO - 
================================================================================
DAG File Processing Stats

File Path                           PID  Runtime      # DAGs    # Errors  Last Runtime    Last Run
--------------------------------  -----  ---------  --------  ----------  --------------  -------------------
/opt/airflow/dags/example_dag.py    205  0.00s             1           0  0.14s           2025-04-17T14:29:38
================================================================================
[2025-04-17T14:30:39.371+0000] {manager.py:889} INFO - 
================================================================================
DAG File Processing Stats

File Path                           PID  Runtime      # DAGs    # Errors  Last Runtime    Last Run
--------------------------------  -----  ---------  --------  ----------  --------------  -------------------
/opt/airflow/dags/example_dag.py    219  0.00s             1           0  0.16s           2025-04-17T14:30:09
================================================================================
[2025-04-17T14:31:09.693+0000] {manager.py:889} INFO - 
================================================================================
DAG File Processing Stats

File Path                           PID  Runtime      # DAGs    # Errors  Last Runtime    Last Run
--------------------------------  -----  ---------  --------  ----------  --------------  -------------------
/opt/airflow/dags/example_dag.py    233  0.00s             1           0  0.18s           2025-04-17T14:30:39
================================================================================
[2025-04-17T14:31:40.026+0000] {manager.py:889} INFO - 
================================================================================
DAG File Processing Stats

File Path                           PID  Runtime      # DAGs    # Errors  Last Runtime    Last Run
--------------------------------  -----  ---------  --------  ----------  --------------  -------------------
/opt/airflow/dags/example_dag.py    247  0.00s             1           0  0.15s           2025-04-17T14:31:09
================================================================================
[2025-04-17T14:32:10.324+0000] {manager.py:889} INFO - 
================================================================================
DAG File Processing Stats

File Path                           PID  Runtime      # DAGs    # Errors  Last Runtime    Last Run
--------------------------------  -----  ---------  --------  ----------  --------------  -------------------
/opt/airflow/dags/example_dag.py    261  0.01s             1           0  0.18s           2025-04-17T14:31:40
================================================================================
[2025-04-17T14:32:40.665+0000] {manager.py:889} INFO - 
================================================================================
DAG File Processing Stats

File Path                           PID  Runtime      # DAGs    # Errors  Last Runtime    Last Run
--------------------------------  -----  ---------  --------  ----------  --------------  -------------------
/opt/airflow/dags/example_dag.py    275  0.01s             1           0  0.29s           2025-04-17T14:32:10
================================================================================
[2025-04-17T14:33:11.102+0000] {manager.py:889} INFO - 
================================================================================
DAG File Processing Stats

File Path                           PID  Runtime      # DAGs    # Errors  Last Runtime    Last Run
--------------------------------  -----  ---------  --------  ----------  --------------  -------------------
/opt/airflow/dags/example_dag.py    289  0.01s             1           0  0.28s           2025-04-17T14:32:40
================================================================================
