[2025-04-17T14:19:46.091+0000] {processor.py:156} INFO - Started process (PID=162) to work on /opt/airflow/dags/example_dag.py
[2025-04-17T14:19:46.092+0000] {processor.py:799} INFO - Processing file /opt/airflow/dags/example_dag.py for tasks to queue
[2025-04-17T14:19:46.093+0000] {logging_mixin.py:149} INFO - [2025-04-17T14:19:46.093+0000] {dagbag.py:541} INFO - Filling up the DagBag from /opt/airflow/dags/example_dag.py
[2025-04-17T14:19:46.140+0000] {processor.py:809} INFO - DAG(s) dict_keys(['example_dag']) retrieved from /opt/airflow/dags/example_dag.py
[2025-04-17T14:19:46.543+0000] {logging_mixin.py:149} INFO - [2025-04-17T14:19:46.542+0000] {manager.py:504} INFO - Created Permission View: can delete on DAG:example_dag
[2025-04-17T14:19:46.557+0000] {logging_mixin.py:149} INFO - [2025-04-17T14:19:46.556+0000] {manager.py:504} INFO - Created Permission View: can read on DAG:example_dag
[2025-04-17T14:19:46.570+0000] {logging_mixin.py:149} INFO - [2025-04-17T14:19:46.570+0000] {manager.py:504} INFO - Created Permission View: can edit on DAG:example_dag
[2025-04-17T14:19:46.571+0000] {logging_mixin.py:149} INFO - [2025-04-17T14:19:46.571+0000] {dag.py:2726} INFO - Sync 1 DAGs
[2025-04-17T14:19:46.588+0000] {logging_mixin.py:149} INFO - [2025-04-17T14:19:46.588+0000] {dag.py:2747} INFO - Creating ORM DAG for example_dag
[2025-04-17T14:19:46.604+0000] {logging_mixin.py:149} INFO - [2025-04-17T14:19:46.604+0000] {dag.py:3490} INFO - Setting next_dagrun for example_dag to 2023-10-01T00:00:00+00:00, run_after=2023-10-02T00:00:00+00:00
[2025-04-17T14:19:46.638+0000] {processor.py:178} INFO - Processing /opt/airflow/dags/example_dag.py took 0.550 seconds
[2025-04-17T14:20:16.910+0000] {processor.py:156} INFO - Started process (PID=177) to work on /opt/airflow/dags/example_dag.py
[2025-04-17T14:20:16.911+0000] {processor.py:799} INFO - Processing file /opt/airflow/dags/example_dag.py for tasks to queue
[2025-04-17T14:20:16.912+0000] {logging_mixin.py:149} INFO - [2025-04-17T14:20:16.912+0000] {dagbag.py:541} INFO - Filling up the DagBag from /opt/airflow/dags/example_dag.py
[2025-04-17T14:20:16.924+0000] {processor.py:809} INFO - DAG(s) dict_keys(['example_dag']) retrieved from /opt/airflow/dags/example_dag.py
[2025-04-17T14:20:16.965+0000] {logging_mixin.py:149} INFO - [2025-04-17T14:20:16.965+0000] {dag.py:2726} INFO - Sync 1 DAGs
[2025-04-17T14:20:16.999+0000] {logging_mixin.py:149} INFO - [2025-04-17T14:20:16.999+0000] {dag.py:3490} INFO - Setting next_dagrun for example_dag to 2023-10-01T00:00:00+00:00, run_after=2023-10-02T00:00:00+00:00
[2025-04-17T14:20:17.028+0000] {processor.py:178} INFO - Processing /opt/airflow/dags/example_dag.py took 0.123 seconds
[2025-04-17T14:20:47.211+0000] {processor.py:156} INFO - Started process (PID=191) to work on /opt/airflow/dags/example_dag.py
[2025-04-17T14:20:47.221+0000] {processor.py:799} INFO - Processing file /opt/airflow/dags/example_dag.py for tasks to queue
[2025-04-17T14:20:47.222+0000] {logging_mixin.py:149} INFO - [2025-04-17T14:20:47.222+0000] {dagbag.py:541} INFO - Filling up the DagBag from /opt/airflow/dags/example_dag.py
[2025-04-17T14:20:47.235+0000] {processor.py:809} INFO - DAG(s) dict_keys(['example_dag']) retrieved from /opt/airflow/dags/example_dag.py
[2025-04-17T14:20:47.275+0000] {logging_mixin.py:149} INFO - [2025-04-17T14:20:47.275+0000] {dag.py:2726} INFO - Sync 1 DAGs
[2025-04-17T14:20:47.310+0000] {logging_mixin.py:149} INFO - [2025-04-17T14:20:47.310+0000] {dag.py:3490} INFO - Setting next_dagrun for example_dag to 2023-10-01T00:00:00+00:00, run_after=2023-10-02T00:00:00+00:00
[2025-04-17T14:20:47.340+0000] {processor.py:178} INFO - Processing /opt/airflow/dags/example_dag.py took 0.134 seconds
[2025-04-17T14:21:17.559+0000] {processor.py:156} INFO - Started process (PID=205) to work on /opt/airflow/dags/example_dag.py
[2025-04-17T14:21:17.569+0000] {processor.py:799} INFO - Processing file /opt/airflow/dags/example_dag.py for tasks to queue
[2025-04-17T14:21:17.570+0000] {logging_mixin.py:149} INFO - [2025-04-17T14:21:17.570+0000] {dagbag.py:541} INFO - Filling up the DagBag from /opt/airflow/dags/example_dag.py
[2025-04-17T14:21:17.581+0000] {processor.py:809} INFO - DAG(s) dict_keys(['example_dag']) retrieved from /opt/airflow/dags/example_dag.py
[2025-04-17T14:21:17.620+0000] {logging_mixin.py:149} INFO - [2025-04-17T14:21:17.620+0000] {dag.py:2726} INFO - Sync 1 DAGs
[2025-04-17T14:21:17.653+0000] {logging_mixin.py:149} INFO - [2025-04-17T14:21:17.653+0000] {dag.py:3490} INFO - Setting next_dagrun for example_dag to 2023-10-01T00:00:00+00:00, run_after=2023-10-02T00:00:00+00:00
[2025-04-17T14:21:17.681+0000] {processor.py:178} INFO - Processing /opt/airflow/dags/example_dag.py took 0.126 seconds
[2025-04-17T14:21:47.899+0000] {processor.py:156} INFO - Started process (PID=219) to work on /opt/airflow/dags/example_dag.py
[2025-04-17T14:21:47.909+0000] {processor.py:799} INFO - Processing file /opt/airflow/dags/example_dag.py for tasks to queue
[2025-04-17T14:21:47.910+0000] {logging_mixin.py:149} INFO - [2025-04-17T14:21:47.909+0000] {dagbag.py:541} INFO - Filling up the DagBag from /opt/airflow/dags/example_dag.py
[2025-04-17T14:21:47.921+0000] {processor.py:809} INFO - DAG(s) dict_keys(['example_dag']) retrieved from /opt/airflow/dags/example_dag.py
[2025-04-17T14:21:47.962+0000] {logging_mixin.py:149} INFO - [2025-04-17T14:21:47.962+0000] {dag.py:2726} INFO - Sync 1 DAGs
[2025-04-17T14:21:47.996+0000] {logging_mixin.py:149} INFO - [2025-04-17T14:21:47.995+0000] {dag.py:3490} INFO - Setting next_dagrun for example_dag to 2023-10-01T00:00:00+00:00, run_after=2023-10-02T00:00:00+00:00
[2025-04-17T14:21:48.024+0000] {processor.py:178} INFO - Processing /opt/airflow/dags/example_dag.py took 0.127 seconds
[2025-04-17T14:22:18.203+0000] {processor.py:156} INFO - Started process (PID=233) to work on /opt/airflow/dags/example_dag.py
[2025-04-17T14:22:18.204+0000] {processor.py:799} INFO - Processing file /opt/airflow/dags/example_dag.py for tasks to queue
[2025-04-17T14:22:18.205+0000] {logging_mixin.py:149} INFO - [2025-04-17T14:22:18.205+0000] {dagbag.py:541} INFO - Filling up the DagBag from /opt/airflow/dags/example_dag.py
[2025-04-17T14:22:18.217+0000] {processor.py:809} INFO - DAG(s) dict_keys(['example_dag']) retrieved from /opt/airflow/dags/example_dag.py
[2025-04-17T14:22:18.256+0000] {logging_mixin.py:149} INFO - [2025-04-17T14:22:18.256+0000] {dag.py:2726} INFO - Sync 1 DAGs
[2025-04-17T14:22:18.291+0000] {logging_mixin.py:149} INFO - [2025-04-17T14:22:18.291+0000] {dag.py:3490} INFO - Setting next_dagrun for example_dag to 2023-10-01T00:00:00+00:00, run_after=2023-10-02T00:00:00+00:00
[2025-04-17T14:22:18.319+0000] {processor.py:178} INFO - Processing /opt/airflow/dags/example_dag.py took 0.119 seconds
[2025-04-17T14:22:53.792+0000] {processor.py:156} INFO - Started process (PID=162) to work on /opt/airflow/dags/example_dag.py
[2025-04-17T14:22:53.793+0000] {processor.py:799} INFO - Processing file /opt/airflow/dags/example_dag.py for tasks to queue
[2025-04-17T14:22:53.794+0000] {logging_mixin.py:149} INFO - [2025-04-17T14:22:53.794+0000] {dagbag.py:541} INFO - Filling up the DagBag from /opt/airflow/dags/example_dag.py
[2025-04-17T14:22:53.851+0000] {processor.py:809} INFO - DAG(s) dict_keys(['example_dag']) retrieved from /opt/airflow/dags/example_dag.py
[2025-04-17T14:22:53.887+0000] {logging_mixin.py:149} INFO - [2025-04-17T14:22:53.887+0000] {dag.py:2726} INFO - Sync 1 DAGs
[2025-04-17T14:22:53.922+0000] {logging_mixin.py:149} INFO - [2025-04-17T14:22:53.922+0000] {dag.py:3490} INFO - Setting next_dagrun for example_dag to 2023-10-01T00:00:00+00:00, run_after=2023-10-02T00:00:00+00:00
[2025-04-17T14:22:53.956+0000] {processor.py:178} INFO - Processing /opt/airflow/dags/example_dag.py took 0.168 seconds
[2025-04-17T14:23:24.141+0000] {processor.py:156} INFO - Started process (PID=177) to work on /opt/airflow/dags/example_dag.py
[2025-04-17T14:23:24.143+0000] {processor.py:799} INFO - Processing file /opt/airflow/dags/example_dag.py for tasks to queue
[2025-04-17T14:23:24.143+0000] {logging_mixin.py:149} INFO - [2025-04-17T14:23:24.143+0000] {dagbag.py:541} INFO - Filling up the DagBag from /opt/airflow/dags/example_dag.py
[2025-04-17T14:23:24.154+0000] {processor.py:809} INFO - DAG(s) dict_keys(['example_dag']) retrieved from /opt/airflow/dags/example_dag.py
[2025-04-17T14:23:24.213+0000] {logging_mixin.py:149} INFO - [2025-04-17T14:23:24.213+0000] {dag.py:2726} INFO - Sync 1 DAGs
[2025-04-17T14:23:24.249+0000] {logging_mixin.py:149} INFO - [2025-04-17T14:23:24.248+0000] {dag.py:3490} INFO - Setting next_dagrun for example_dag to 2023-10-01T00:00:00+00:00, run_after=2023-10-02T00:00:00+00:00
[2025-04-17T14:23:24.276+0000] {processor.py:178} INFO - Processing /opt/airflow/dags/example_dag.py took 0.140 seconds
[2025-04-17T14:23:54.452+0000] {processor.py:156} INFO - Started process (PID=191) to work on /opt/airflow/dags/example_dag.py
[2025-04-17T14:23:54.453+0000] {processor.py:799} INFO - Processing file /opt/airflow/dags/example_dag.py for tasks to queue
[2025-04-17T14:23:54.454+0000] {logging_mixin.py:149} INFO - [2025-04-17T14:23:54.454+0000] {dagbag.py:541} INFO - Filling up the DagBag from /opt/airflow/dags/example_dag.py
[2025-04-17T14:23:54.466+0000] {processor.py:809} INFO - DAG(s) dict_keys(['example_dag']) retrieved from /opt/airflow/dags/example_dag.py
[2025-04-17T14:23:54.505+0000] {logging_mixin.py:149} INFO - [2025-04-17T14:23:54.505+0000] {dag.py:2726} INFO - Sync 1 DAGs
[2025-04-17T14:23:54.540+0000] {logging_mixin.py:149} INFO - [2025-04-17T14:23:54.540+0000] {dag.py:3490} INFO - Setting next_dagrun for example_dag to 2023-10-01T00:00:00+00:00, run_after=2023-10-02T00:00:00+00:00
[2025-04-17T14:23:54.568+0000] {processor.py:178} INFO - Processing /opt/airflow/dags/example_dag.py took 0.119 seconds
[2025-04-17T14:24:24.790+0000] {processor.py:156} INFO - Started process (PID=205) to work on /opt/airflow/dags/example_dag.py
[2025-04-17T14:24:24.792+0000] {processor.py:799} INFO - Processing file /opt/airflow/dags/example_dag.py for tasks to queue
[2025-04-17T14:24:24.793+0000] {logging_mixin.py:149} INFO - [2025-04-17T14:24:24.792+0000] {dagbag.py:541} INFO - Filling up the DagBag from /opt/airflow/dags/example_dag.py
[2025-04-17T14:24:24.804+0000] {processor.py:809} INFO - DAG(s) dict_keys(['example_dag']) retrieved from /opt/airflow/dags/example_dag.py
[2025-04-17T14:24:24.845+0000] {logging_mixin.py:149} INFO - [2025-04-17T14:24:24.845+0000] {dag.py:2726} INFO - Sync 1 DAGs
[2025-04-17T14:24:24.880+0000] {logging_mixin.py:149} INFO - [2025-04-17T14:24:24.880+0000] {dag.py:3490} INFO - Setting next_dagrun for example_dag to 2023-10-01T00:00:00+00:00, run_after=2023-10-02T00:00:00+00:00
[2025-04-17T14:24:24.909+0000] {processor.py:178} INFO - Processing /opt/airflow/dags/example_dag.py took 0.122 seconds
[2025-04-17T14:24:55.114+0000] {processor.py:156} INFO - Started process (PID=219) to work on /opt/airflow/dags/example_dag.py
[2025-04-17T14:24:55.124+0000] {processor.py:799} INFO - Processing file /opt/airflow/dags/example_dag.py for tasks to queue
[2025-04-17T14:24:55.125+0000] {logging_mixin.py:149} INFO - [2025-04-17T14:24:55.124+0000] {dagbag.py:541} INFO - Filling up the DagBag from /opt/airflow/dags/example_dag.py
[2025-04-17T14:24:55.136+0000] {processor.py:809} INFO - DAG(s) dict_keys(['example_dag']) retrieved from /opt/airflow/dags/example_dag.py
[2025-04-17T14:24:55.178+0000] {logging_mixin.py:149} INFO - [2025-04-17T14:24:55.177+0000] {dag.py:2726} INFO - Sync 1 DAGs
[2025-04-17T14:24:55.212+0000] {logging_mixin.py:149} INFO - [2025-04-17T14:24:55.212+0000] {dag.py:3490} INFO - Setting next_dagrun for example_dag to 2023-10-01T00:00:00+00:00, run_after=2023-10-02T00:00:00+00:00
[2025-04-17T14:24:55.246+0000] {processor.py:178} INFO - Processing /opt/airflow/dags/example_dag.py took 0.138 seconds
[2025-04-17T14:25:25.425+0000] {processor.py:156} INFO - Started process (PID=233) to work on /opt/airflow/dags/example_dag.py
[2025-04-17T14:25:25.426+0000] {processor.py:799} INFO - Processing file /opt/airflow/dags/example_dag.py for tasks to queue
[2025-04-17T14:25:25.427+0000] {logging_mixin.py:149} INFO - [2025-04-17T14:25:25.427+0000] {dagbag.py:541} INFO - Filling up the DagBag from /opt/airflow/dags/example_dag.py
[2025-04-17T14:25:25.439+0000] {processor.py:809} INFO - DAG(s) dict_keys(['example_dag']) retrieved from /opt/airflow/dags/example_dag.py
[2025-04-17T14:25:25.480+0000] {logging_mixin.py:149} INFO - [2025-04-17T14:25:25.480+0000] {dag.py:2726} INFO - Sync 1 DAGs
[2025-04-17T14:25:25.537+0000] {logging_mixin.py:149} INFO - [2025-04-17T14:25:25.537+0000] {dag.py:3490} INFO - Setting next_dagrun for example_dag to 2023-10-01T00:00:00+00:00, run_after=2023-10-02T00:00:00+00:00
[2025-04-17T14:25:25.577+0000] {processor.py:178} INFO - Processing /opt/airflow/dags/example_dag.py took 0.158 seconds
[2025-04-17T14:25:55.757+0000] {processor.py:156} INFO - Started process (PID=247) to work on /opt/airflow/dags/example_dag.py
[2025-04-17T14:25:55.766+0000] {processor.py:799} INFO - Processing file /opt/airflow/dags/example_dag.py for tasks to queue
[2025-04-17T14:25:55.767+0000] {logging_mixin.py:149} INFO - [2025-04-17T14:25:55.767+0000] {dagbag.py:541} INFO - Filling up the DagBag from /opt/airflow/dags/example_dag.py
[2025-04-17T14:25:55.780+0000] {processor.py:809} INFO - DAG(s) dict_keys(['example_dag']) retrieved from /opt/airflow/dags/example_dag.py
[2025-04-17T14:25:55.820+0000] {logging_mixin.py:149} INFO - [2025-04-17T14:25:55.819+0000] {dag.py:2726} INFO - Sync 1 DAGs
[2025-04-17T14:25:55.856+0000] {logging_mixin.py:149} INFO - [2025-04-17T14:25:55.855+0000] {dag.py:3490} INFO - Setting next_dagrun for example_dag to 2023-10-01T00:00:00+00:00, run_after=2023-10-02T00:00:00+00:00
[2025-04-17T14:25:55.889+0000] {processor.py:178} INFO - Processing /opt/airflow/dags/example_dag.py took 0.136 seconds
[2025-04-17T14:26:26.089+0000] {processor.py:156} INFO - Started process (PID=261) to work on /opt/airflow/dags/example_dag.py
[2025-04-17T14:26:26.099+0000] {processor.py:799} INFO - Processing file /opt/airflow/dags/example_dag.py for tasks to queue
[2025-04-17T14:26:26.100+0000] {logging_mixin.py:149} INFO - [2025-04-17T14:26:26.099+0000] {dagbag.py:541} INFO - Filling up the DagBag from /opt/airflow/dags/example_dag.py
[2025-04-17T14:26:26.111+0000] {processor.py:809} INFO - DAG(s) dict_keys(['example_dag']) retrieved from /opt/airflow/dags/example_dag.py
[2025-04-17T14:26:26.148+0000] {logging_mixin.py:149} INFO - [2025-04-17T14:26:26.148+0000] {dag.py:2726} INFO - Sync 1 DAGs
[2025-04-17T14:26:26.183+0000] {logging_mixin.py:149} INFO - [2025-04-17T14:26:26.183+0000] {dag.py:3490} INFO - Setting next_dagrun for example_dag to 2023-10-01T00:00:00+00:00, run_after=2023-10-02T00:00:00+00:00
[2025-04-17T14:26:26.335+0000] {processor.py:178} INFO - Processing /opt/airflow/dags/example_dag.py took 0.249 seconds
[2025-04-17T14:26:56.392+0000] {processor.py:156} INFO - Started process (PID=275) to work on /opt/airflow/dags/example_dag.py
[2025-04-17T14:26:56.402+0000] {processor.py:799} INFO - Processing file /opt/airflow/dags/example_dag.py for tasks to queue
[2025-04-17T14:26:56.403+0000] {logging_mixin.py:149} INFO - [2025-04-17T14:26:56.403+0000] {dagbag.py:541} INFO - Filling up the DagBag from /opt/airflow/dags/example_dag.py
[2025-04-17T14:26:56.420+0000] {processor.py:809} INFO - DAG(s) dict_keys(['example_dag']) retrieved from /opt/airflow/dags/example_dag.py
[2025-04-17T14:26:56.460+0000] {logging_mixin.py:149} INFO - [2025-04-17T14:26:56.460+0000] {dag.py:2726} INFO - Sync 1 DAGs
[2025-04-17T14:26:56.608+0000] {logging_mixin.py:149} INFO - [2025-04-17T14:26:56.607+0000] {dag.py:3490} INFO - Setting next_dagrun for example_dag to 2023-10-01T00:00:00+00:00, run_after=2023-10-02T00:00:00+00:00
[2025-04-17T14:26:56.644+0000] {processor.py:178} INFO - Processing /opt/airflow/dags/example_dag.py took 0.258 seconds
[2025-04-17T14:27:30.070+0000] {processor.py:156} INFO - Started process (PID=162) to work on /opt/airflow/dags/example_dag.py
[2025-04-17T14:27:30.071+0000] {processor.py:799} INFO - Processing file /opt/airflow/dags/example_dag.py for tasks to queue
[2025-04-17T14:27:30.072+0000] {logging_mixin.py:149} INFO - [2025-04-17T14:27:30.072+0000] {dagbag.py:541} INFO - Filling up the DagBag from /opt/airflow/dags/example_dag.py
[2025-04-17T14:27:30.123+0000] {processor.py:809} INFO - DAG(s) dict_keys(['example_dag']) retrieved from /opt/airflow/dags/example_dag.py
[2025-04-17T14:27:30.174+0000] {logging_mixin.py:149} INFO - [2025-04-17T14:27:30.174+0000] {dag.py:2726} INFO - Sync 1 DAGs
[2025-04-17T14:27:30.220+0000] {logging_mixin.py:149} INFO - [2025-04-17T14:27:30.220+0000] {dag.py:3490} INFO - Setting next_dagrun for example_dag to 2023-10-01T00:00:00+00:00, run_after=2023-10-02T00:00:00+00:00
[2025-04-17T14:27:30.257+0000] {processor.py:178} INFO - Processing /opt/airflow/dags/example_dag.py took 0.193 seconds
[2025-04-17T14:28:00.419+0000] {processor.py:156} INFO - Started process (PID=177) to work on /opt/airflow/dags/example_dag.py
[2025-04-17T14:28:00.429+0000] {processor.py:799} INFO - Processing file /opt/airflow/dags/example_dag.py for tasks to queue
[2025-04-17T14:28:00.430+0000] {logging_mixin.py:149} INFO - [2025-04-17T14:28:00.430+0000] {dagbag.py:541} INFO - Filling up the DagBag from /opt/airflow/dags/example_dag.py
[2025-04-17T14:28:00.442+0000] {processor.py:809} INFO - DAG(s) dict_keys(['example_dag']) retrieved from /opt/airflow/dags/example_dag.py
[2025-04-17T14:28:00.503+0000] {logging_mixin.py:149} INFO - [2025-04-17T14:28:00.503+0000] {dag.py:2726} INFO - Sync 1 DAGs
[2025-04-17T14:28:00.544+0000] {logging_mixin.py:149} INFO - [2025-04-17T14:28:00.544+0000] {dag.py:3490} INFO - Setting next_dagrun for example_dag to 2023-10-01T00:00:00+00:00, run_after=2023-10-02T00:00:00+00:00
[2025-04-17T14:28:00.577+0000] {processor.py:178} INFO - Processing /opt/airflow/dags/example_dag.py took 0.163 seconds
[2025-04-17T14:28:38.098+0000] {processor.py:156} INFO - Started process (PID=162) to work on /opt/airflow/dags/example_dag.py
[2025-04-17T14:28:38.099+0000] {processor.py:799} INFO - Processing file /opt/airflow/dags/example_dag.py for tasks to queue
[2025-04-17T14:28:38.100+0000] {logging_mixin.py:149} INFO - [2025-04-17T14:28:38.100+0000] {dagbag.py:541} INFO - Filling up the DagBag from /opt/airflow/dags/example_dag.py
[2025-04-17T14:28:38.158+0000] {processor.py:809} INFO - DAG(s) dict_keys(['example_dag']) retrieved from /opt/airflow/dags/example_dag.py
[2025-04-17T14:28:38.202+0000] {logging_mixin.py:149} INFO - [2025-04-17T14:28:38.202+0000] {dag.py:2726} INFO - Sync 1 DAGs
[2025-04-17T14:28:38.237+0000] {logging_mixin.py:149} INFO - [2025-04-17T14:28:38.236+0000] {dag.py:3490} INFO - Setting next_dagrun for example_dag to 2023-10-01T00:00:00+00:00, run_after=2023-10-02T00:00:00+00:00
[2025-04-17T14:28:38.265+0000] {processor.py:178} INFO - Processing /opt/airflow/dags/example_dag.py took 0.171 seconds
[2025-04-17T14:29:08.422+0000] {processor.py:156} INFO - Started process (PID=177) to work on /opt/airflow/dags/example_dag.py
[2025-04-17T14:29:08.431+0000] {processor.py:799} INFO - Processing file /opt/airflow/dags/example_dag.py for tasks to queue
[2025-04-17T14:29:08.432+0000] {logging_mixin.py:149} INFO - [2025-04-17T14:29:08.432+0000] {dagbag.py:541} INFO - Filling up the DagBag from /opt/airflow/dags/example_dag.py
[2025-04-17T14:29:08.446+0000] {processor.py:809} INFO - DAG(s) dict_keys(['example_dag']) retrieved from /opt/airflow/dags/example_dag.py
[2025-04-17T14:29:08.505+0000] {logging_mixin.py:149} INFO - [2025-04-17T14:29:08.505+0000] {dag.py:2726} INFO - Sync 1 DAGs
[2025-04-17T14:29:08.542+0000] {logging_mixin.py:149} INFO - [2025-04-17T14:29:08.542+0000] {dag.py:3490} INFO - Setting next_dagrun for example_dag to 2023-10-01T00:00:00+00:00, run_after=2023-10-02T00:00:00+00:00
[2025-04-17T14:29:08.572+0000] {processor.py:178} INFO - Processing /opt/airflow/dags/example_dag.py took 0.154 seconds
[2025-04-17T14:29:38.742+0000] {processor.py:156} INFO - Started process (PID=191) to work on /opt/airflow/dags/example_dag.py
[2025-04-17T14:29:38.744+0000] {processor.py:799} INFO - Processing file /opt/airflow/dags/example_dag.py for tasks to queue
[2025-04-17T14:29:38.744+0000] {logging_mixin.py:149} INFO - [2025-04-17T14:29:38.744+0000] {dagbag.py:541} INFO - Filling up the DagBag from /opt/airflow/dags/example_dag.py
[2025-04-17T14:29:38.756+0000] {processor.py:809} INFO - DAG(s) dict_keys(['example_dag']) retrieved from /opt/airflow/dags/example_dag.py
[2025-04-17T14:29:38.793+0000] {logging_mixin.py:149} INFO - [2025-04-17T14:29:38.793+0000] {dag.py:2726} INFO - Sync 1 DAGs
[2025-04-17T14:29:38.828+0000] {logging_mixin.py:149} INFO - [2025-04-17T14:29:38.828+0000] {dag.py:3490} INFO - Setting next_dagrun for example_dag to 2023-10-01T00:00:00+00:00, run_after=2023-10-02T00:00:00+00:00
[2025-04-17T14:29:38.856+0000] {processor.py:178} INFO - Processing /opt/airflow/dags/example_dag.py took 0.117 seconds
[2025-04-17T14:30:09.076+0000] {processor.py:156} INFO - Started process (PID=205) to work on /opt/airflow/dags/example_dag.py
[2025-04-17T14:30:09.086+0000] {processor.py:799} INFO - Processing file /opt/airflow/dags/example_dag.py for tasks to queue
[2025-04-17T14:30:09.087+0000] {logging_mixin.py:149} INFO - [2025-04-17T14:30:09.087+0000] {dagbag.py:541} INFO - Filling up the DagBag from /opt/airflow/dags/example_dag.py
[2025-04-17T14:30:09.099+0000] {processor.py:809} INFO - DAG(s) dict_keys(['example_dag']) retrieved from /opt/airflow/dags/example_dag.py
[2025-04-17T14:30:09.141+0000] {logging_mixin.py:149} INFO - [2025-04-17T14:30:09.140+0000] {dag.py:2726} INFO - Sync 1 DAGs
[2025-04-17T14:30:09.174+0000] {logging_mixin.py:149} INFO - [2025-04-17T14:30:09.174+0000] {dag.py:3490} INFO - Setting next_dagrun for example_dag to 2023-10-01T00:00:00+00:00, run_after=2023-10-02T00:00:00+00:00
[2025-04-17T14:30:09.204+0000] {processor.py:178} INFO - Processing /opt/airflow/dags/example_dag.py took 0.133 seconds
[2025-04-17T14:30:39.381+0000] {processor.py:156} INFO - Started process (PID=219) to work on /opt/airflow/dags/example_dag.py
[2025-04-17T14:30:39.390+0000] {processor.py:799} INFO - Processing file /opt/airflow/dags/example_dag.py for tasks to queue
[2025-04-17T14:30:39.392+0000] {logging_mixin.py:149} INFO - [2025-04-17T14:30:39.392+0000] {dagbag.py:541} INFO - Filling up the DagBag from /opt/airflow/dags/example_dag.py
[2025-04-17T14:30:39.410+0000] {processor.py:809} INFO - DAG(s) dict_keys(['example_dag']) retrieved from /opt/airflow/dags/example_dag.py
[2025-04-17T14:30:39.453+0000] {logging_mixin.py:149} INFO - [2025-04-17T14:30:39.452+0000] {dag.py:2726} INFO - Sync 1 DAGs
[2025-04-17T14:30:39.490+0000] {logging_mixin.py:149} INFO - [2025-04-17T14:30:39.489+0000] {dag.py:3490} INFO - Setting next_dagrun for example_dag to 2023-10-01T00:00:00+00:00, run_after=2023-10-02T00:00:00+00:00
[2025-04-17T14:30:39.534+0000] {processor.py:178} INFO - Processing /opt/airflow/dags/example_dag.py took 0.157 seconds
[2025-04-17T14:31:09.705+0000] {processor.py:156} INFO - Started process (PID=233) to work on /opt/airflow/dags/example_dag.py
[2025-04-17T14:31:09.706+0000] {processor.py:799} INFO - Processing file /opt/airflow/dags/example_dag.py for tasks to queue
[2025-04-17T14:31:09.707+0000] {logging_mixin.py:149} INFO - [2025-04-17T14:31:09.707+0000] {dagbag.py:541} INFO - Filling up the DagBag from /opt/airflow/dags/example_dag.py
[2025-04-17T14:31:09.718+0000] {processor.py:809} INFO - DAG(s) dict_keys(['example_dag']) retrieved from /opt/airflow/dags/example_dag.py
[2025-04-17T14:31:09.760+0000] {logging_mixin.py:149} INFO - [2025-04-17T14:31:09.760+0000] {dag.py:2726} INFO - Sync 1 DAGs
[2025-04-17T14:31:09.793+0000] {logging_mixin.py:149} INFO - [2025-04-17T14:31:09.793+0000] {dag.py:3490} INFO - Setting next_dagrun for example_dag to 2023-10-01T00:00:00+00:00, run_after=2023-10-02T00:00:00+00:00
[2025-04-17T14:31:09.821+0000] {processor.py:178} INFO - Processing /opt/airflow/dags/example_dag.py took 0.121 seconds
[2025-04-17T14:31:40.039+0000] {processor.py:156} INFO - Started process (PID=247) to work on /opt/airflow/dags/example_dag.py
[2025-04-17T14:31:40.040+0000] {processor.py:799} INFO - Processing file /opt/airflow/dags/example_dag.py for tasks to queue
[2025-04-17T14:31:40.041+0000] {logging_mixin.py:149} INFO - [2025-04-17T14:31:40.041+0000] {dagbag.py:541} INFO - Filling up the DagBag from /opt/airflow/dags/example_dag.py
[2025-04-17T14:31:40.058+0000] {processor.py:809} INFO - DAG(s) dict_keys(['example_dag']) retrieved from /opt/airflow/dags/example_dag.py
[2025-04-17T14:31:40.104+0000] {logging_mixin.py:149} INFO - [2025-04-17T14:31:40.104+0000] {dag.py:2726} INFO - Sync 1 DAGs
[2025-04-17T14:31:40.141+0000] {logging_mixin.py:149} INFO - [2025-04-17T14:31:40.140+0000] {dag.py:3490} INFO - Setting next_dagrun for example_dag to 2023-10-01T00:00:00+00:00, run_after=2023-10-02T00:00:00+00:00
[2025-04-17T14:31:40.188+0000] {processor.py:178} INFO - Processing /opt/airflow/dags/example_dag.py took 0.154 seconds
[2025-04-17T14:32:10.337+0000] {processor.py:156} INFO - Started process (PID=261) to work on /opt/airflow/dags/example_dag.py
[2025-04-17T14:32:10.346+0000] {processor.py:799} INFO - Processing file /opt/airflow/dags/example_dag.py for tasks to queue
[2025-04-17T14:32:10.347+0000] {logging_mixin.py:149} INFO - [2025-04-17T14:32:10.347+0000] {dagbag.py:541} INFO - Filling up the DagBag from /opt/airflow/dags/example_dag.py
[2025-04-17T14:32:10.359+0000] {processor.py:809} INFO - DAG(s) dict_keys(['example_dag']) retrieved from /opt/airflow/dags/example_dag.py
[2025-04-17T14:32:10.401+0000] {logging_mixin.py:149} INFO - [2025-04-17T14:32:10.401+0000] {dag.py:2726} INFO - Sync 1 DAGs
[2025-04-17T14:32:10.437+0000] {logging_mixin.py:149} INFO - [2025-04-17T14:32:10.437+0000] {dag.py:3490} INFO - Setting next_dagrun for example_dag to 2023-10-01T00:00:00+00:00, run_after=2023-10-02T00:00:00+00:00
[2025-04-17T14:32:10.593+0000] {processor.py:178} INFO - Processing /opt/airflow/dags/example_dag.py took 0.261 seconds
[2025-04-17T14:32:40.676+0000] {processor.py:156} INFO - Started process (PID=275) to work on /opt/airflow/dags/example_dag.py
[2025-04-17T14:32:40.678+0000] {processor.py:799} INFO - Processing file /opt/airflow/dags/example_dag.py for tasks to queue
[2025-04-17T14:32:40.679+0000] {logging_mixin.py:149} INFO - [2025-04-17T14:32:40.679+0000] {dagbag.py:541} INFO - Filling up the DagBag from /opt/airflow/dags/example_dag.py
[2025-04-17T14:32:40.691+0000] {processor.py:809} INFO - DAG(s) dict_keys(['example_dag']) retrieved from /opt/airflow/dags/example_dag.py
[2025-04-17T14:32:40.733+0000] {logging_mixin.py:149} INFO - [2025-04-17T14:32:40.732+0000] {dag.py:2726} INFO - Sync 1 DAGs
[2025-04-17T14:32:40.882+0000] {logging_mixin.py:149} INFO - [2025-04-17T14:32:40.882+0000] {dag.py:3490} INFO - Setting next_dagrun for example_dag to 2023-10-01T00:00:00+00:00, run_after=2023-10-02T00:00:00+00:00
[2025-04-17T14:32:40.918+0000] {processor.py:178} INFO - Processing /opt/airflow/dags/example_dag.py took 0.247 seconds
[2025-04-17T14:33:11.113+0000] {processor.py:156} INFO - Started process (PID=289) to work on /opt/airflow/dags/example_dag.py
[2025-04-17T14:33:11.123+0000] {processor.py:799} INFO - Processing file /opt/airflow/dags/example_dag.py for tasks to queue
[2025-04-17T14:33:11.124+0000] {logging_mixin.py:149} INFO - [2025-04-17T14:33:11.124+0000] {dagbag.py:541} INFO - Filling up the DagBag from /opt/airflow/dags/example_dag.py
[2025-04-17T14:33:11.136+0000] {processor.py:809} INFO - DAG(s) dict_keys(['example_dag']) retrieved from /opt/airflow/dags/example_dag.py
[2025-04-17T14:33:11.180+0000] {logging_mixin.py:149} INFO - [2025-04-17T14:33:11.180+0000] {dag.py:2726} INFO - Sync 1 DAGs
[2025-04-17T14:33:11.328+0000] {logging_mixin.py:149} INFO - [2025-04-17T14:33:11.327+0000] {dag.py:3490} INFO - Setting next_dagrun for example_dag to 2023-10-01T00:00:00+00:00, run_after=2023-10-02T00:00:00+00:00
[2025-04-17T14:33:11.364+0000] {processor.py:178} INFO - Processing /opt/airflow/dags/example_dag.py took 0.255 seconds
[2025-04-17T14:33:41.409+0000] {processor.py:156} INFO - Started process (PID=302) to work on /opt/airflow/dags/example_dag.py
[2025-04-17T14:33:41.419+0000] {processor.py:799} INFO - Processing file /opt/airflow/dags/example_dag.py for tasks to queue
[2025-04-17T14:33:41.420+0000] {logging_mixin.py:149} INFO - [2025-04-17T14:33:41.420+0000] {dagbag.py:541} INFO - Filling up the DagBag from /opt/airflow/dags/example_dag.py
[2025-04-17T14:33:41.436+0000] {processor.py:809} INFO - DAG(s) dict_keys(['example_dag']) retrieved from /opt/airflow/dags/example_dag.py
[2025-04-17T14:33:41.595+0000] {logging_mixin.py:149} INFO - [2025-04-17T14:33:41.595+0000] {dag.py:2726} INFO - Sync 1 DAGs
[2025-04-17T14:33:41.627+0000] {logging_mixin.py:149} INFO - [2025-04-17T14:33:41.627+0000] {dag.py:3490} INFO - Setting next_dagrun for example_dag to 2023-10-01T00:00:00+00:00, run_after=2023-10-02T00:00:00+00:00
[2025-04-17T14:33:41.664+0000] {processor.py:178} INFO - Processing /opt/airflow/dags/example_dag.py took 0.263 seconds
[2025-04-17T14:34:11.884+0000] {processor.py:156} INFO - Started process (PID=316) to work on /opt/airflow/dags/example_dag.py
[2025-04-17T14:34:11.893+0000] {processor.py:799} INFO - Processing file /opt/airflow/dags/example_dag.py for tasks to queue
[2025-04-17T14:34:11.894+0000] {logging_mixin.py:149} INFO - [2025-04-17T14:34:11.894+0000] {dagbag.py:541} INFO - Filling up the DagBag from /opt/airflow/dags/example_dag.py
[2025-04-17T14:34:12.028+0000] {processor.py:809} INFO - DAG(s) dict_keys(['example_dag']) retrieved from /opt/airflow/dags/example_dag.py
[2025-04-17T14:34:12.059+0000] {logging_mixin.py:149} INFO - [2025-04-17T14:34:12.059+0000] {dag.py:2726} INFO - Sync 1 DAGs
[2025-04-17T14:34:12.092+0000] {logging_mixin.py:149} INFO - [2025-04-17T14:34:12.091+0000] {dag.py:3490} INFO - Setting next_dagrun for example_dag to 2023-10-01T00:00:00+00:00, run_after=2023-10-02T00:00:00+00:00
[2025-04-17T14:34:12.129+0000] {processor.py:178} INFO - Processing /opt/airflow/dags/example_dag.py took 0.249 seconds
[2025-04-17T14:34:42.294+0000] {processor.py:156} INFO - Started process (PID=330) to work on /opt/airflow/dags/example_dag.py
[2025-04-17T14:34:42.304+0000] {processor.py:799} INFO - Processing file /opt/airflow/dags/example_dag.py for tasks to queue
[2025-04-17T14:34:42.305+0000] {logging_mixin.py:149} INFO - [2025-04-17T14:34:42.305+0000] {dagbag.py:541} INFO - Filling up the DagBag from /opt/airflow/dags/example_dag.py
[2025-04-17T14:34:42.318+0000] {processor.py:809} INFO - DAG(s) dict_keys(['example_dag']) retrieved from /opt/airflow/dags/example_dag.py
[2025-04-17T14:34:42.358+0000] {logging_mixin.py:149} INFO - [2025-04-17T14:34:42.358+0000] {dag.py:2726} INFO - Sync 1 DAGs
[2025-04-17T14:34:42.393+0000] {logging_mixin.py:149} INFO - [2025-04-17T14:34:42.393+0000] {dag.py:3490} INFO - Setting next_dagrun for example_dag to 2023-10-04T00:00:00+00:00, run_after=2023-10-05T00:00:00+00:00
[2025-04-17T14:34:42.426+0000] {processor.py:178} INFO - Processing /opt/airflow/dags/example_dag.py took 0.137 seconds
[2025-04-17T14:35:12.649+0000] {processor.py:156} INFO - Started process (PID=344) to work on /opt/airflow/dags/example_dag.py
[2025-04-17T14:35:12.659+0000] {processor.py:799} INFO - Processing file /opt/airflow/dags/example_dag.py for tasks to queue
[2025-04-17T14:35:12.660+0000] {logging_mixin.py:149} INFO - [2025-04-17T14:35:12.660+0000] {dagbag.py:541} INFO - Filling up the DagBag from /opt/airflow/dags/example_dag.py
[2025-04-17T14:35:12.679+0000] {processor.py:809} INFO - DAG(s) dict_keys(['example_dag']) retrieved from /opt/airflow/dags/example_dag.py
[2025-04-17T14:35:12.726+0000] {logging_mixin.py:149} INFO - [2025-04-17T14:35:12.726+0000] {dag.py:2726} INFO - Sync 1 DAGs
[2025-04-17T14:35:12.772+0000] {logging_mixin.py:149} INFO - [2025-04-17T14:35:12.771+0000] {dag.py:3490} INFO - Setting next_dagrun for example_dag to 2023-10-22T00:00:00+00:00, run_after=2023-10-23T00:00:00+00:00
[2025-04-17T14:35:12.818+0000] {processor.py:178} INFO - Processing /opt/airflow/dags/example_dag.py took 0.175 seconds
