[2025-04-24T11:19:35.136+0000] {processor.py:156} INFO - Started process (PID=162) to work on /opt/airflow/dags/example_dag.py
[2025-04-24T11:19:35.137+0000] {processor.py:799} INFO - Processing file /opt/airflow/dags/example_dag.py for tasks to queue
[2025-04-24T11:19:35.138+0000] {logging_mixin.py:149} INFO - [2025-04-24T11:19:35.138+0000] {dagbag.py:541} INFO - Filling up the DagBag from /opt/airflow/dags/example_dag.py
[2025-04-24T11:19:35.187+0000] {processor.py:809} INFO - DAG(s) dict_keys(['example_dag']) retrieved from /opt/airflow/dags/example_dag.py
[2025-04-24T11:19:35.604+0000] {logging_mixin.py:149} INFO - [2025-04-24T11:19:35.604+0000] {manager.py:504} INFO - Created Permission View: can delete on DAG:example_dag
[2025-04-24T11:19:35.618+0000] {logging_mixin.py:149} INFO - [2025-04-24T11:19:35.618+0000] {manager.py:504} INFO - Created Permission View: can read on DAG:example_dag
[2025-04-24T11:19:35.632+0000] {logging_mixin.py:149} INFO - [2025-04-24T11:19:35.632+0000] {manager.py:504} INFO - Created Permission View: can edit on DAG:example_dag
[2025-04-24T11:19:35.632+0000] {logging_mixin.py:149} INFO - [2025-04-24T11:19:35.632+0000] {dag.py:2726} INFO - Sync 1 DAGs
[2025-04-24T11:19:35.649+0000] {logging_mixin.py:149} INFO - [2025-04-24T11:19:35.649+0000] {dag.py:2747} INFO - Creating ORM DAG for example_dag
[2025-04-24T11:19:35.664+0000] {logging_mixin.py:149} INFO - [2025-04-24T11:19:35.664+0000] {dag.py:3490} INFO - Setting next_dagrun for example_dag to 2023-10-01T00:00:00+00:00, run_after=2023-10-02T00:00:00+00:00
[2025-04-24T11:19:35.691+0000] {processor.py:178} INFO - Processing /opt/airflow/dags/example_dag.py took 0.560 seconds
[2025-04-24T11:20:25.122+0000] {processor.py:156} INFO - Started process (PID=162) to work on /opt/airflow/dags/example_dag.py
[2025-04-24T11:20:25.123+0000] {processor.py:799} INFO - Processing file /opt/airflow/dags/example_dag.py for tasks to queue
[2025-04-24T11:20:25.124+0000] {logging_mixin.py:149} INFO - [2025-04-24T11:20:25.124+0000] {dagbag.py:541} INFO - Filling up the DagBag from /opt/airflow/dags/example_dag.py
[2025-04-24T11:20:25.180+0000] {processor.py:809} INFO - DAG(s) dict_keys(['example_dag']) retrieved from /opt/airflow/dags/example_dag.py
[2025-04-24T11:20:25.235+0000] {logging_mixin.py:149} INFO - [2025-04-24T11:20:25.234+0000] {dag.py:2726} INFO - Sync 1 DAGs
[2025-04-24T11:20:25.275+0000] {logging_mixin.py:149} INFO - [2025-04-24T11:20:25.275+0000] {dag.py:3490} INFO - Setting next_dagrun for example_dag to 2023-10-01T00:00:00+00:00, run_after=2023-10-02T00:00:00+00:00
[2025-04-24T11:20:25.304+0000] {processor.py:178} INFO - Processing /opt/airflow/dags/example_dag.py took 0.186 seconds
[2025-04-24T11:20:55.428+0000] {processor.py:156} INFO - Started process (PID=177) to work on /opt/airflow/dags/example_dag.py
[2025-04-24T11:20:55.429+0000] {processor.py:799} INFO - Processing file /opt/airflow/dags/example_dag.py for tasks to queue
[2025-04-24T11:20:55.430+0000] {logging_mixin.py:149} INFO - [2025-04-24T11:20:55.430+0000] {dagbag.py:541} INFO - Filling up the DagBag from /opt/airflow/dags/example_dag.py
[2025-04-24T11:20:55.441+0000] {processor.py:809} INFO - DAG(s) dict_keys(['example_dag']) retrieved from /opt/airflow/dags/example_dag.py
[2025-04-24T11:20:55.504+0000] {logging_mixin.py:149} INFO - [2025-04-24T11:20:55.504+0000] {dag.py:2726} INFO - Sync 1 DAGs
[2025-04-24T11:20:55.540+0000] {logging_mixin.py:149} INFO - [2025-04-24T11:20:55.540+0000] {dag.py:3490} INFO - Setting next_dagrun for example_dag to 2023-10-01T00:00:00+00:00, run_after=2023-10-02T00:00:00+00:00
[2025-04-24T11:20:55.576+0000] {processor.py:178} INFO - Processing /opt/airflow/dags/example_dag.py took 0.152 seconds
[2025-04-24T11:21:25.797+0000] {processor.py:156} INFO - Started process (PID=191) to work on /opt/airflow/dags/example_dag.py
[2025-04-24T11:21:25.807+0000] {processor.py:799} INFO - Processing file /opt/airflow/dags/example_dag.py for tasks to queue
[2025-04-24T11:21:25.808+0000] {logging_mixin.py:149} INFO - [2025-04-24T11:21:25.808+0000] {dagbag.py:541} INFO - Filling up the DagBag from /opt/airflow/dags/example_dag.py
[2025-04-24T11:21:25.819+0000] {processor.py:809} INFO - DAG(s) dict_keys(['example_dag']) retrieved from /opt/airflow/dags/example_dag.py
[2025-04-24T11:21:25.862+0000] {logging_mixin.py:149} INFO - [2025-04-24T11:21:25.862+0000] {dag.py:2726} INFO - Sync 1 DAGs
[2025-04-24T11:21:25.897+0000] {logging_mixin.py:149} INFO - [2025-04-24T11:21:25.896+0000] {dag.py:3490} INFO - Setting next_dagrun for example_dag to 2023-10-01T00:00:00+00:00, run_after=2023-10-02T00:00:00+00:00
[2025-04-24T11:21:25.927+0000] {processor.py:178} INFO - Processing /opt/airflow/dags/example_dag.py took 0.133 seconds
[2025-04-24T13:05:03.243+0000] {processor.py:156} INFO - Started process (PID=162) to work on /opt/airflow/dags/example_dag.py
[2025-04-24T13:05:03.244+0000] {processor.py:799} INFO - Processing file /opt/airflow/dags/example_dag.py for tasks to queue
[2025-04-24T13:05:03.246+0000] {logging_mixin.py:149} INFO - [2025-04-24T13:05:03.245+0000] {dagbag.py:541} INFO - Filling up the DagBag from /opt/airflow/dags/example_dag.py
[2025-04-24T13:05:03.299+0000] {processor.py:809} INFO - DAG(s) dict_keys(['example_dag']) retrieved from /opt/airflow/dags/example_dag.py
[2025-04-24T13:05:03.340+0000] {logging_mixin.py:149} INFO - [2025-04-24T13:05:03.340+0000] {dag.py:2726} INFO - Sync 1 DAGs
[2025-04-24T13:05:03.386+0000] {logging_mixin.py:149} INFO - [2025-04-24T13:05:03.385+0000] {dag.py:3490} INFO - Setting next_dagrun for example_dag to 2023-10-01T00:00:00+00:00, run_after=2023-10-02T00:00:00+00:00
[2025-04-24T13:05:03.418+0000] {processor.py:178} INFO - Processing /opt/airflow/dags/example_dag.py took 0.180 seconds
[2025-04-24T13:05:33.552+0000] {processor.py:156} INFO - Started process (PID=177) to work on /opt/airflow/dags/example_dag.py
[2025-04-24T13:05:33.553+0000] {processor.py:799} INFO - Processing file /opt/airflow/dags/example_dag.py for tasks to queue
[2025-04-24T13:05:33.554+0000] {logging_mixin.py:149} INFO - [2025-04-24T13:05:33.553+0000] {dagbag.py:541} INFO - Filling up the DagBag from /opt/airflow/dags/example_dag.py
[2025-04-24T13:05:33.565+0000] {processor.py:809} INFO - DAG(s) dict_keys(['example_dag']) retrieved from /opt/airflow/dags/example_dag.py
[2025-04-24T13:05:33.628+0000] {logging_mixin.py:149} INFO - [2025-04-24T13:05:33.627+0000] {dag.py:2726} INFO - Sync 1 DAGs
[2025-04-24T13:05:33.662+0000] {logging_mixin.py:149} INFO - [2025-04-24T13:05:33.662+0000] {dag.py:3490} INFO - Setting next_dagrun for example_dag to 2023-10-01T00:00:00+00:00, run_after=2023-10-02T00:00:00+00:00
[2025-04-24T13:05:33.691+0000] {processor.py:178} INFO - Processing /opt/airflow/dags/example_dag.py took 0.143 seconds
[2025-04-24T13:06:03.922+0000] {processor.py:156} INFO - Started process (PID=191) to work on /opt/airflow/dags/example_dag.py
[2025-04-24T13:06:03.923+0000] {processor.py:799} INFO - Processing file /opt/airflow/dags/example_dag.py for tasks to queue
[2025-04-24T13:06:03.924+0000] {logging_mixin.py:149} INFO - [2025-04-24T13:06:03.924+0000] {dagbag.py:541} INFO - Filling up the DagBag from /opt/airflow/dags/example_dag.py
[2025-04-24T13:06:03.935+0000] {processor.py:809} INFO - DAG(s) dict_keys(['example_dag']) retrieved from /opt/airflow/dags/example_dag.py
[2025-04-24T13:06:03.978+0000] {logging_mixin.py:149} INFO - [2025-04-24T13:06:03.978+0000] {dag.py:2726} INFO - Sync 1 DAGs
[2025-04-24T13:06:04.017+0000] {logging_mixin.py:149} INFO - [2025-04-24T13:06:04.017+0000] {dag.py:3490} INFO - Setting next_dagrun for example_dag to 2023-10-01T00:00:00+00:00, run_after=2023-10-02T00:00:00+00:00
[2025-04-24T13:06:04.047+0000] {processor.py:178} INFO - Processing /opt/airflow/dags/example_dag.py took 0.128 seconds
[2025-04-24T13:06:34.215+0000] {processor.py:156} INFO - Started process (PID=205) to work on /opt/airflow/dags/example_dag.py
[2025-04-24T13:06:34.225+0000] {processor.py:799} INFO - Processing file /opt/airflow/dags/example_dag.py for tasks to queue
[2025-04-24T13:06:34.227+0000] {logging_mixin.py:149} INFO - [2025-04-24T13:06:34.226+0000] {dagbag.py:541} INFO - Filling up the DagBag from /opt/airflow/dags/example_dag.py
[2025-04-24T13:06:34.239+0000] {processor.py:809} INFO - DAG(s) dict_keys(['example_dag']) retrieved from /opt/airflow/dags/example_dag.py
[2025-04-24T13:06:34.286+0000] {logging_mixin.py:149} INFO - [2025-04-24T13:06:34.285+0000] {dag.py:2726} INFO - Sync 1 DAGs
[2025-04-24T13:06:34.321+0000] {logging_mixin.py:149} INFO - [2025-04-24T13:06:34.321+0000] {dag.py:3490} INFO - Setting next_dagrun for example_dag to 2023-10-01T00:00:00+00:00, run_after=2023-10-02T00:00:00+00:00
[2025-04-24T13:06:34.351+0000] {processor.py:178} INFO - Processing /opt/airflow/dags/example_dag.py took 0.140 seconds
[2025-04-24T13:13:16.984+0000] {processor.py:156} INFO - Started process (PID=162) to work on /opt/airflow/dags/example_dag.py
[2025-04-24T13:13:16.985+0000] {processor.py:799} INFO - Processing file /opt/airflow/dags/example_dag.py for tasks to queue
[2025-04-24T13:13:16.985+0000] {logging_mixin.py:149} INFO - [2025-04-24T13:13:16.985+0000] {dagbag.py:541} INFO - Filling up the DagBag from /opt/airflow/dags/example_dag.py
[2025-04-24T13:13:17.035+0000] {processor.py:809} INFO - DAG(s) dict_keys(['example_dag']) retrieved from /opt/airflow/dags/example_dag.py
[2025-04-24T13:13:17.077+0000] {logging_mixin.py:149} INFO - [2025-04-24T13:13:17.076+0000] {dag.py:2726} INFO - Sync 1 DAGs
[2025-04-24T13:13:17.114+0000] {logging_mixin.py:149} INFO - [2025-04-24T13:13:17.114+0000] {dag.py:3490} INFO - Setting next_dagrun for example_dag to 2023-10-01T00:00:00+00:00, run_after=2023-10-02T00:00:00+00:00
[2025-04-24T13:13:17.143+0000] {processor.py:178} INFO - Processing /opt/airflow/dags/example_dag.py took 0.165 seconds
[2025-04-24T13:14:54.961+0000] {processor.py:156} INFO - Started process (PID=162) to work on /opt/airflow/dags/example_dag.py
[2025-04-24T13:14:54.963+0000] {processor.py:799} INFO - Processing file /opt/airflow/dags/example_dag.py for tasks to queue
[2025-04-24T13:14:54.964+0000] {logging_mixin.py:149} INFO - [2025-04-24T13:14:54.964+0000] {dagbag.py:541} INFO - Filling up the DagBag from /opt/airflow/dags/example_dag.py
[2025-04-24T13:14:55.014+0000] {processor.py:809} INFO - DAG(s) dict_keys(['example_dag']) retrieved from /opt/airflow/dags/example_dag.py
[2025-04-24T13:14:55.433+0000] {logging_mixin.py:149} INFO - [2025-04-24T13:14:55.432+0000] {manager.py:504} INFO - Created Permission View: can edit on DAG:example_dag
[2025-04-24T13:14:55.449+0000] {logging_mixin.py:149} INFO - [2025-04-24T13:14:55.449+0000] {manager.py:504} INFO - Created Permission View: can read on DAG:example_dag
[2025-04-24T13:14:55.463+0000] {logging_mixin.py:149} INFO - [2025-04-24T13:14:55.463+0000] {manager.py:504} INFO - Created Permission View: can delete on DAG:example_dag
[2025-04-24T13:14:55.464+0000] {logging_mixin.py:149} INFO - [2025-04-24T13:14:55.464+0000] {dag.py:2726} INFO - Sync 1 DAGs
[2025-04-24T13:14:55.481+0000] {logging_mixin.py:149} INFO - [2025-04-24T13:14:55.481+0000] {dag.py:2747} INFO - Creating ORM DAG for example_dag
[2025-04-24T13:14:55.497+0000] {logging_mixin.py:149} INFO - [2025-04-24T13:14:55.497+0000] {dag.py:3490} INFO - Setting next_dagrun for example_dag to 2023-10-01T00:00:00+00:00, run_after=2023-10-02T00:00:00+00:00
[2025-04-24T13:14:55.525+0000] {processor.py:178} INFO - Processing /opt/airflow/dags/example_dag.py took 0.569 seconds
[2025-04-24T13:15:25.809+0000] {processor.py:156} INFO - Started process (PID=177) to work on /opt/airflow/dags/example_dag.py
[2025-04-24T13:15:25.819+0000] {processor.py:799} INFO - Processing file /opt/airflow/dags/example_dag.py for tasks to queue
[2025-04-24T13:15:25.820+0000] {logging_mixin.py:149} INFO - [2025-04-24T13:15:25.820+0000] {dagbag.py:541} INFO - Filling up the DagBag from /opt/airflow/dags/example_dag.py
[2025-04-24T13:15:25.832+0000] {processor.py:809} INFO - DAG(s) dict_keys(['example_dag']) retrieved from /opt/airflow/dags/example_dag.py
[2025-04-24T13:15:25.869+0000] {logging_mixin.py:149} INFO - [2025-04-24T13:15:25.869+0000] {dag.py:2726} INFO - Sync 1 DAGs
[2025-04-24T13:15:25.904+0000] {logging_mixin.py:149} INFO - [2025-04-24T13:15:25.904+0000] {dag.py:3490} INFO - Setting next_dagrun for example_dag to 2023-10-01T00:00:00+00:00, run_after=2023-10-02T00:00:00+00:00
[2025-04-24T13:15:25.933+0000] {processor.py:178} INFO - Processing /opt/airflow/dags/example_dag.py took 0.129 seconds
[2025-04-24T13:16:10.063+0000] {processor.py:156} INFO - Started process (PID=162) to work on /opt/airflow/dags/example_dag.py
[2025-04-24T13:16:10.065+0000] {processor.py:799} INFO - Processing file /opt/airflow/dags/example_dag.py for tasks to queue
[2025-04-24T13:16:10.066+0000] {logging_mixin.py:149} INFO - [2025-04-24T13:16:10.066+0000] {dagbag.py:541} INFO - Filling up the DagBag from /opt/airflow/dags/example_dag.py
[2025-04-24T13:16:10.122+0000] {processor.py:809} INFO - DAG(s) dict_keys(['example_dag']) retrieved from /opt/airflow/dags/example_dag.py
[2025-04-24T13:16:10.164+0000] {logging_mixin.py:149} INFO - [2025-04-24T13:16:10.164+0000] {dag.py:2726} INFO - Sync 1 DAGs
[2025-04-24T13:16:10.210+0000] {logging_mixin.py:149} INFO - [2025-04-24T13:16:10.210+0000] {dag.py:3490} INFO - Setting next_dagrun for example_dag to 2023-10-01T00:00:00+00:00, run_after=2023-10-02T00:00:00+00:00
[2025-04-24T13:16:10.255+0000] {processor.py:178} INFO - Processing /opt/airflow/dags/example_dag.py took 0.197 seconds
[2025-04-24T13:16:40.444+0000] {processor.py:156} INFO - Started process (PID=177) to work on /opt/airflow/dags/example_dag.py
[2025-04-24T13:16:40.453+0000] {processor.py:799} INFO - Processing file /opt/airflow/dags/example_dag.py for tasks to queue
[2025-04-24T13:16:40.454+0000] {logging_mixin.py:149} INFO - [2025-04-24T13:16:40.454+0000] {dagbag.py:541} INFO - Filling up the DagBag from /opt/airflow/dags/example_dag.py
[2025-04-24T13:16:40.465+0000] {processor.py:809} INFO - DAG(s) dict_keys(['example_dag']) retrieved from /opt/airflow/dags/example_dag.py
[2025-04-24T13:16:40.524+0000] {logging_mixin.py:149} INFO - [2025-04-24T13:16:40.524+0000] {dag.py:2726} INFO - Sync 1 DAGs
[2025-04-24T13:16:40.559+0000] {logging_mixin.py:149} INFO - [2025-04-24T13:16:40.559+0000] {dag.py:3490} INFO - Setting next_dagrun for example_dag to 2023-10-01T00:00:00+00:00, run_after=2023-10-02T00:00:00+00:00
[2025-04-24T13:16:40.588+0000] {processor.py:178} INFO - Processing /opt/airflow/dags/example_dag.py took 0.148 seconds
[2025-04-24T13:17:30.820+0000] {processor.py:156} INFO - Started process (PID=162) to work on /opt/airflow/dags/example_dag.py
[2025-04-24T13:17:30.822+0000] {processor.py:799} INFO - Processing file /opt/airflow/dags/example_dag.py for tasks to queue
[2025-04-24T13:17:30.824+0000] {logging_mixin.py:149} INFO - [2025-04-24T13:17:30.823+0000] {dagbag.py:541} INFO - Filling up the DagBag from /opt/airflow/dags/example_dag.py
[2025-04-24T13:17:30.879+0000] {processor.py:809} INFO - DAG(s) dict_keys(['example_dag']) retrieved from /opt/airflow/dags/example_dag.py
[2025-04-24T13:17:30.925+0000] {logging_mixin.py:149} INFO - [2025-04-24T13:17:30.924+0000] {dag.py:2726} INFO - Sync 1 DAGs
[2025-04-24T13:17:30.963+0000] {logging_mixin.py:149} INFO - [2025-04-24T13:17:30.962+0000] {dag.py:3490} INFO - Setting next_dagrun for example_dag to 2023-10-01T00:00:00+00:00, run_after=2023-10-02T00:00:00+00:00
[2025-04-24T13:17:30.994+0000] {processor.py:178} INFO - Processing /opt/airflow/dags/example_dag.py took 0.179 seconds
[2025-04-24T13:18:01.139+0000] {processor.py:156} INFO - Started process (PID=177) to work on /opt/airflow/dags/example_dag.py
[2025-04-24T13:18:01.140+0000] {processor.py:799} INFO - Processing file /opt/airflow/dags/example_dag.py for tasks to queue
[2025-04-24T13:18:01.141+0000] {logging_mixin.py:149} INFO - [2025-04-24T13:18:01.141+0000] {dagbag.py:541} INFO - Filling up the DagBag from /opt/airflow/dags/example_dag.py
[2025-04-24T13:18:01.152+0000] {processor.py:809} INFO - DAG(s) dict_keys(['example_dag']) retrieved from /opt/airflow/dags/example_dag.py
[2025-04-24T13:18:01.212+0000] {logging_mixin.py:149} INFO - [2025-04-24T13:18:01.212+0000] {dag.py:2726} INFO - Sync 1 DAGs
[2025-04-24T13:18:01.246+0000] {logging_mixin.py:149} INFO - [2025-04-24T13:18:01.246+0000] {dag.py:3490} INFO - Setting next_dagrun for example_dag to 2023-10-01T00:00:00+00:00, run_after=2023-10-02T00:00:00+00:00
[2025-04-24T13:18:01.273+0000] {processor.py:178} INFO - Processing /opt/airflow/dags/example_dag.py took 0.137 seconds
[2025-04-24T13:18:27.657+0000] {processor.py:156} INFO - Started process (PID=162) to work on /opt/airflow/dags/example_dag.py
[2025-04-24T13:18:27.658+0000] {processor.py:799} INFO - Processing file /opt/airflow/dags/example_dag.py for tasks to queue
[2025-04-24T13:18:27.660+0000] {logging_mixin.py:149} INFO - [2025-04-24T13:18:27.659+0000] {dagbag.py:541} INFO - Filling up the DagBag from /opt/airflow/dags/example_dag.py
[2025-04-24T13:18:27.722+0000] {processor.py:809} INFO - DAG(s) dict_keys(['example_dag']) retrieved from /opt/airflow/dags/example_dag.py
[2025-04-24T13:18:27.763+0000] {logging_mixin.py:149} INFO - [2025-04-24T13:18:27.763+0000] {dag.py:2726} INFO - Sync 1 DAGs
[2025-04-24T13:18:27.799+0000] {logging_mixin.py:149} INFO - [2025-04-24T13:18:27.798+0000] {dag.py:3490} INFO - Setting next_dagrun for example_dag to 2023-10-01T00:00:00+00:00, run_after=2023-10-02T00:00:00+00:00
[2025-04-24T13:18:27.828+0000] {processor.py:178} INFO - Processing /opt/airflow/dags/example_dag.py took 0.176 seconds
[2025-04-24T13:18:57.993+0000] {processor.py:156} INFO - Started process (PID=177) to work on /opt/airflow/dags/example_dag.py
[2025-04-24T13:18:57.995+0000] {processor.py:799} INFO - Processing file /opt/airflow/dags/example_dag.py for tasks to queue
[2025-04-24T13:18:57.996+0000] {logging_mixin.py:149} INFO - [2025-04-24T13:18:57.995+0000] {dagbag.py:541} INFO - Filling up the DagBag from /opt/airflow/dags/example_dag.py
[2025-04-24T13:18:58.007+0000] {processor.py:809} INFO - DAG(s) dict_keys(['example_dag']) retrieved from /opt/airflow/dags/example_dag.py
[2025-04-24T13:18:58.063+0000] {logging_mixin.py:149} INFO - [2025-04-24T13:18:58.063+0000] {dag.py:2726} INFO - Sync 1 DAGs
[2025-04-24T13:18:58.096+0000] {logging_mixin.py:149} INFO - [2025-04-24T13:18:58.096+0000] {dag.py:3490} INFO - Setting next_dagrun for example_dag to 2023-10-01T00:00:00+00:00, run_after=2023-10-02T00:00:00+00:00
[2025-04-24T13:18:58.125+0000] {processor.py:178} INFO - Processing /opt/airflow/dags/example_dag.py took 0.137 seconds
[2025-04-24T13:19:28.326+0000] {processor.py:156} INFO - Started process (PID=191) to work on /opt/airflow/dags/example_dag.py
[2025-04-24T13:19:28.336+0000] {processor.py:799} INFO - Processing file /opt/airflow/dags/example_dag.py for tasks to queue
[2025-04-24T13:19:28.337+0000] {logging_mixin.py:149} INFO - [2025-04-24T13:19:28.337+0000] {dagbag.py:541} INFO - Filling up the DagBag from /opt/airflow/dags/example_dag.py
[2025-04-24T13:19:28.352+0000] {processor.py:809} INFO - DAG(s) dict_keys(['example_dag']) retrieved from /opt/airflow/dags/example_dag.py
[2025-04-24T13:19:28.389+0000] {logging_mixin.py:149} INFO - [2025-04-24T13:19:28.389+0000] {dag.py:2726} INFO - Sync 1 DAGs
[2025-04-24T13:19:28.424+0000] {logging_mixin.py:149} INFO - [2025-04-24T13:19:28.424+0000] {dag.py:3490} INFO - Setting next_dagrun for example_dag to 2023-10-01T00:00:00+00:00, run_after=2023-10-02T00:00:00+00:00
[2025-04-24T13:19:28.457+0000] {processor.py:178} INFO - Processing /opt/airflow/dags/example_dag.py took 0.136 seconds
[2025-04-24T13:20:04.673+0000] {processor.py:186} INFO - Started process (PID=171) to work on /opt/airflow/dags/example_dag.py
[2025-04-24T13:20:04.674+0000] {processor.py:914} INFO - Processing file /opt/airflow/dags/example_dag.py for tasks to queue
[2025-04-24T13:20:04.676+0000] {logging_mixin.py:190} INFO - [2025-04-24T13:20:04.676+0000] {dagbag.py:587} INFO - Filling up the DagBag from /opt/airflow/dags/example_dag.py
[2025-04-24T13:20:04.732+0000] {processor.py:925} INFO - DAG(s) 'example_dag' retrieved from /opt/airflow/dags/example_dag.py
[2025-04-24T13:20:04.750+0000] {logging_mixin.py:190} INFO - [2025-04-24T13:20:04.749+0000] {dag.py:3211} INFO - Sync 1 DAGs
[2025-04-24T13:20:04.793+0000] {logging_mixin.py:190} INFO - [2025-04-24T13:20:04.793+0000] {dag.py:4138} INFO - Setting next_dagrun for example_dag to 2023-10-01 00:00:00+00:00, run_after=2023-10-02 00:00:00+00:00
[2025-04-24T13:20:04.819+0000] {processor.py:208} INFO - Processing /opt/airflow/dags/example_dag.py took 0.154 seconds
[2025-04-24T13:20:35.045+0000] {processor.py:186} INFO - Started process (PID=184) to work on /opt/airflow/dags/example_dag.py
[2025-04-24T13:20:35.055+0000] {processor.py:914} INFO - Processing file /opt/airflow/dags/example_dag.py for tasks to queue
[2025-04-24T13:20:35.059+0000] {logging_mixin.py:190} INFO - [2025-04-24T13:20:35.058+0000] {dagbag.py:587} INFO - Filling up the DagBag from /opt/airflow/dags/example_dag.py
[2025-04-24T13:20:35.070+0000] {processor.py:925} INFO - DAG(s) 'example_dag' retrieved from /opt/airflow/dags/example_dag.py
[2025-04-24T13:20:35.515+0000] {logging_mixin.py:190} INFO - [2025-04-24T13:20:35.515+0000] {dag.py:3211} INFO - Sync 1 DAGs
[2025-04-24T13:20:35.542+0000] {logging_mixin.py:190} INFO - [2025-04-24T13:20:35.542+0000] {dag.py:4138} INFO - Setting next_dagrun for example_dag to 2023-10-01 00:00:00+00:00, run_after=2023-10-02 00:00:00+00:00
[2025-04-24T13:20:35.568+0000] {processor.py:208} INFO - Processing /opt/airflow/dags/example_dag.py took 0.534 seconds
[2025-04-24T13:22:18.139+0000] {processor.py:186} INFO - Started process (PID=172) to work on /opt/airflow/dags/example_dag.py
[2025-04-24T13:22:18.140+0000] {processor.py:914} INFO - Processing file /opt/airflow/dags/example_dag.py for tasks to queue
[2025-04-24T13:22:18.143+0000] {logging_mixin.py:190} INFO - [2025-04-24T13:22:18.142+0000] {dagbag.py:587} INFO - Filling up the DagBag from /opt/airflow/dags/example_dag.py
[2025-04-24T13:22:18.192+0000] {processor.py:925} INFO - DAG(s) 'example_dag' retrieved from /opt/airflow/dags/example_dag.py
[2025-04-24T13:22:18.657+0000] {logging_mixin.py:190} INFO - [2025-04-24T13:22:18.656+0000] {override.py:1858} INFO - Created Permission View: can read on DAG:example_dag
[2025-04-24T13:22:18.673+0000] {logging_mixin.py:190} INFO - [2025-04-24T13:22:18.672+0000] {override.py:1858} INFO - Created Permission View: can delete on DAG:example_dag
[2025-04-24T13:22:18.683+0000] {logging_mixin.py:190} INFO - [2025-04-24T13:22:18.683+0000] {override.py:1858} INFO - Created Permission View: can edit on DAG:example_dag
[2025-04-24T13:22:18.684+0000] {logging_mixin.py:190} INFO - [2025-04-24T13:22:18.684+0000] {dag.py:3211} INFO - Sync 1 DAGs
[2025-04-24T13:22:18.701+0000] {logging_mixin.py:190} INFO - [2025-04-24T13:22:18.700+0000] {dag.py:3234} INFO - Creating ORM DAG for example_dag
[2025-04-24T13:22:18.714+0000] {logging_mixin.py:190} INFO - [2025-04-24T13:22:18.714+0000] {dag.py:4138} INFO - Setting next_dagrun for example_dag to 2023-10-01 00:00:00+00:00, run_after=2023-10-02 00:00:00+00:00
[2025-04-24T13:22:18.736+0000] {processor.py:208} INFO - Processing /opt/airflow/dags/example_dag.py took 0.606 seconds
[2025-04-24T13:23:42.393+0000] {processor.py:186} INFO - Started process (PID=171) to work on /opt/airflow/dags/example_dag.py
[2025-04-24T13:23:42.395+0000] {processor.py:914} INFO - Processing file /opt/airflow/dags/example_dag.py for tasks to queue
[2025-04-24T13:23:42.398+0000] {logging_mixin.py:190} INFO - [2025-04-24T13:23:42.397+0000] {dagbag.py:587} INFO - Filling up the DagBag from /opt/airflow/dags/example_dag.py
[2025-04-24T13:23:42.468+0000] {processor.py:925} INFO - DAG(s) 'example_dag' retrieved from /opt/airflow/dags/example_dag.py
[2025-04-24T13:23:42.540+0000] {logging_mixin.py:190} INFO - [2025-04-24T13:23:42.539+0000] {dag.py:3211} INFO - Sync 1 DAGs
[2025-04-24T13:23:42.570+0000] {logging_mixin.py:190} INFO - [2025-04-24T13:23:42.570+0000] {dag.py:4138} INFO - Setting next_dagrun for example_dag to 2023-10-01 00:00:00+00:00, run_after=2023-10-02 00:00:00+00:00
[2025-04-24T13:23:42.597+0000] {processor.py:208} INFO - Processing /opt/airflow/dags/example_dag.py took 0.214 seconds
[2025-04-24T13:24:12.737+0000] {processor.py:186} INFO - Started process (PID=184) to work on /opt/airflow/dags/example_dag.py
[2025-04-24T13:24:12.739+0000] {processor.py:914} INFO - Processing file /opt/airflow/dags/example_dag.py for tasks to queue
[2025-04-24T13:24:12.742+0000] {logging_mixin.py:190} INFO - [2025-04-24T13:24:12.740+0000] {dagbag.py:587} INFO - Filling up the DagBag from /opt/airflow/dags/example_dag.py
[2025-04-24T13:24:12.754+0000] {processor.py:925} INFO - DAG(s) 'example_dag' retrieved from /opt/airflow/dags/example_dag.py
[2025-04-24T13:24:12.792+0000] {logging_mixin.py:190} INFO - [2025-04-24T13:24:12.791+0000] {dag.py:3211} INFO - Sync 1 DAGs
[2025-04-24T13:24:12.823+0000] {logging_mixin.py:190} INFO - [2025-04-24T13:24:12.823+0000] {dag.py:4138} INFO - Setting next_dagrun for example_dag to 2023-10-01 00:00:00+00:00, run_after=2023-10-02 00:00:00+00:00
[2025-04-24T13:24:12.849+0000] {processor.py:208} INFO - Processing /opt/airflow/dags/example_dag.py took 0.121 seconds
[2025-04-24T13:24:43.221+0000] {processor.py:186} INFO - Started process (PID=196) to work on /opt/airflow/dags/example_dag.py
[2025-04-24T13:24:43.230+0000] {processor.py:914} INFO - Processing file /opt/airflow/dags/example_dag.py for tasks to queue
[2025-04-24T13:24:43.233+0000] {logging_mixin.py:190} INFO - [2025-04-24T13:24:43.233+0000] {dagbag.py:587} INFO - Filling up the DagBag from /opt/airflow/dags/example_dag.py
[2025-04-24T13:24:43.244+0000] {processor.py:925} INFO - DAG(s) 'example_dag' retrieved from /opt/airflow/dags/example_dag.py
[2025-04-24T13:24:43.275+0000] {logging_mixin.py:190} INFO - [2025-04-24T13:24:43.275+0000] {dag.py:3211} INFO - Sync 1 DAGs
[2025-04-24T13:24:43.303+0000] {logging_mixin.py:190} INFO - [2025-04-24T13:24:43.303+0000] {dag.py:4138} INFO - Setting next_dagrun for example_dag to 2023-10-01 00:00:00+00:00, run_after=2023-10-02 00:00:00+00:00
[2025-04-24T13:24:43.330+0000] {processor.py:208} INFO - Processing /opt/airflow/dags/example_dag.py took 0.116 seconds
[2025-04-24T13:29:23.117+0000] {processor.py:186} INFO - Started process (PID=171) to work on /opt/airflow/dags/example_dag.py
[2025-04-24T13:29:23.119+0000] {processor.py:914} INFO - Processing file /opt/airflow/dags/example_dag.py for tasks to queue
[2025-04-24T13:29:23.122+0000] {logging_mixin.py:190} INFO - [2025-04-24T13:29:23.122+0000] {dagbag.py:587} INFO - Filling up the DagBag from /opt/airflow/dags/example_dag.py
[2025-04-24T13:29:23.192+0000] {processor.py:925} INFO - DAG(s) 'example_dag' retrieved from /opt/airflow/dags/example_dag.py
[2025-04-24T13:29:23.262+0000] {logging_mixin.py:190} INFO - [2025-04-24T13:29:23.261+0000] {dag.py:3211} INFO - Sync 1 DAGs
[2025-04-24T13:29:23.299+0000] {logging_mixin.py:190} INFO - [2025-04-24T13:29:23.299+0000] {dag.py:4138} INFO - Setting next_dagrun for example_dag to 2023-10-01 00:00:00+00:00, run_after=2023-10-02 00:00:00+00:00
[2025-04-24T13:29:23.331+0000] {processor.py:208} INFO - Processing /opt/airflow/dags/example_dag.py took 0.226 seconds
[2025-04-24T13:29:53.459+0000] {processor.py:186} INFO - Started process (PID=184) to work on /opt/airflow/dags/example_dag.py
[2025-04-24T13:29:53.469+0000] {processor.py:914} INFO - Processing file /opt/airflow/dags/example_dag.py for tasks to queue
[2025-04-24T13:29:53.472+0000] {logging_mixin.py:190} INFO - [2025-04-24T13:29:53.471+0000] {dagbag.py:587} INFO - Filling up the DagBag from /opt/airflow/dags/example_dag.py
[2025-04-24T13:29:53.483+0000] {processor.py:925} INFO - DAG(s) 'example_dag' retrieved from /opt/airflow/dags/example_dag.py
[2025-04-24T13:29:53.520+0000] {logging_mixin.py:190} INFO - [2025-04-24T13:29:53.520+0000] {dag.py:3211} INFO - Sync 1 DAGs
[2025-04-24T13:29:53.550+0000] {logging_mixin.py:190} INFO - [2025-04-24T13:29:53.549+0000] {dag.py:4138} INFO - Setting next_dagrun for example_dag to 2023-10-01 00:00:00+00:00, run_after=2023-10-02 00:00:00+00:00
[2025-04-24T13:29:53.579+0000] {processor.py:208} INFO - Processing /opt/airflow/dags/example_dag.py took 0.127 seconds
[2025-04-24T13:30:23.934+0000] {processor.py:186} INFO - Started process (PID=196) to work on /opt/airflow/dags/example_dag.py
[2025-04-24T13:30:23.944+0000] {processor.py:914} INFO - Processing file /opt/airflow/dags/example_dag.py for tasks to queue
[2025-04-24T13:30:23.947+0000] {logging_mixin.py:190} INFO - [2025-04-24T13:30:23.947+0000] {dagbag.py:587} INFO - Filling up the DagBag from /opt/airflow/dags/example_dag.py
[2025-04-24T13:30:23.957+0000] {processor.py:925} INFO - DAG(s) 'example_dag' retrieved from /opt/airflow/dags/example_dag.py
[2025-04-24T13:30:23.993+0000] {logging_mixin.py:190} INFO - [2025-04-24T13:30:23.993+0000] {dag.py:3211} INFO - Sync 1 DAGs
[2025-04-24T13:30:24.021+0000] {logging_mixin.py:190} INFO - [2025-04-24T13:30:24.021+0000] {dag.py:4138} INFO - Setting next_dagrun for example_dag to 2023-10-01 00:00:00+00:00, run_after=2023-10-02 00:00:00+00:00
[2025-04-24T13:30:24.047+0000] {processor.py:208} INFO - Processing /opt/airflow/dags/example_dag.py took 0.119 seconds
[2025-04-24T13:30:54.289+0000] {processor.py:186} INFO - Started process (PID=208) to work on /opt/airflow/dags/example_dag.py
[2025-04-24T13:30:54.299+0000] {processor.py:914} INFO - Processing file /opt/airflow/dags/example_dag.py for tasks to queue
[2025-04-24T13:30:54.302+0000] {logging_mixin.py:190} INFO - [2025-04-24T13:30:54.302+0000] {dagbag.py:587} INFO - Filling up the DagBag from /opt/airflow/dags/example_dag.py
[2025-04-24T13:30:54.313+0000] {processor.py:925} INFO - DAG(s) 'example_dag' retrieved from /opt/airflow/dags/example_dag.py
[2025-04-24T13:30:54.349+0000] {logging_mixin.py:190} INFO - [2025-04-24T13:30:54.348+0000] {dag.py:3211} INFO - Sync 1 DAGs
[2025-04-24T13:30:54.378+0000] {logging_mixin.py:190} INFO - [2025-04-24T13:30:54.378+0000] {dag.py:4138} INFO - Setting next_dagrun for example_dag to 2023-10-01 00:00:00+00:00, run_after=2023-10-02 00:00:00+00:00
[2025-04-24T13:30:54.405+0000] {processor.py:208} INFO - Processing /opt/airflow/dags/example_dag.py took 0.122 seconds
